<?xml version="1.0" encoding="UTF-8"?>
<!-- Generated by org.testng.reporters.JUnitXMLReporter -->
<testsuite ignored="0" hostname="EPINHYDW12A1" failures="3" tests="8" name="Surefire test" time="75.536" errors="0" timestamp="2025-04-23T13:15:19 IST">
  <testcase classname="io.cucumber.testng.AbstractTestNGCucumberTests" name="runScenario" time="9.681"/>
  <testcase classname="io.cucumber.testng.AbstractTestNGCucumberTests" name="runScenario" time="8.228"/>
  <testcase classname="io.cucumber.testng.AbstractTestNGCucumberTests" name="runScenario" time="6.775"/>
  <testcase classname="io.cucumber.testng.AbstractTestNGCucumberTests" name="runScenario" time="7.091"/>
  <testcase classname="io.cucumber.testng.AbstractTestNGCucumberTests" name="runScenario" time="11.906">
    <failure type="java.lang.AssertionError" message="expected [Incorrect email or password. Try again or create an account.] but found [Your account is temporarily locked due to multiple failed login attempts. Please try again later.]">
      <![CDATA[java.lang.AssertionError: expected [Incorrect email or password. Try again or create an account.] but found [Your account is temporarily locked due to multiple failed login attempts. Please try again later.]
at stepDefinitions.ui.CommonSteps.verifyTheErrorMessage(CommonSteps.java:47)
at ✽.the page will display the error "Incorrect email or password. Try again or create an account." message(file:///C:/Users/gantagari_sushma/Desktop/projec/automation-qa/restaurant-app-testing/src/test/resources/features/ui/signIn.feature:40)
... Removed 6 stack frames]]>
    </failure>
  </testcase> <!-- runScenario -->
  <testcase classname="io.cucumber.testng.AbstractTestNGCucumberTests" name="runScenario" time="8.247">
    <failure type="java.lang.AssertionError" message="expected [Incorrect email or password. Try again or create an account.] but found [Your account is temporarily locked due to multiple failed login attempts. Please try again later.]">
      <![CDATA[java.lang.AssertionError: expected [Incorrect email or password. Try again or create an account.] but found [Your account is temporarily locked due to multiple failed login attempts. Please try again later.]
at stepDefinitions.ui.CommonSteps.verifyTheErrorMessage(CommonSteps.java:47)
at ✽.the page will display the error "Incorrect email or password. Try again or create an account." message(file:///C:/Users/gantagari_sushma/Desktop/projec/automation-qa/restaurant-app-testing/src/test/resources/features/ui/signIn.feature:40)
... Removed 6 stack frames]]>
    </failure>
  </testcase> <!-- runScenario -->
  <testcase classname="io.cucumber.testng.AbstractTestNGCucumberTests" name="runScenario" time="14.491">
    <failure type="java.lang.AssertionError" message="expected [Incorrect email or password. Try again or create an account.] but found [Your account is temporarily locked due to multiple failed login attempts. Please try again later.]">
      <![CDATA[java.lang.AssertionError: expected [Incorrect email or password. Try again or create an account.] but found [Your account is temporarily locked due to multiple failed login attempts. Please try again later.]
at stepDefinitions.ui.CommonSteps.verifyTheErrorMessage(CommonSteps.java:47)
at ✽.the page will display the error "Incorrect email or password. Try again or create an account." message(file:///C:/Users/gantagari_sushma/Desktop/projec/automation-qa/restaurant-app-testing/src/test/resources/features/ui/signIn.feature:40)
... Removed 6 stack frames]]>
    </failure>
  </testcase> <!-- runScenario -->
  <testcase classname="io.cucumber.testng.AbstractTestNGCucumberTests" name="runScenario" time="8.205"/>
</testsuite> <!-- Surefire test -->
