<?xml version="1.0" encoding="UTF-8"?>
<testsuite xmlns:xsi="http://www.w3.org/2001/XMLSchema-instance" xsi:noNamespaceSchemaLocation="https://maven.apache.org/surefire/maven-surefire-plugin/xsd/surefire-test-report-3.0.xsd" version="3.0" name="runners.UIRunnerTest" time="76.224" tests="8" errors="0" skipped="0" failures="3">
  <properties>
[...]
</properties>
  <testcase name="runScenario[&quot;Verify successful login with valid data&quot;, &quot;Verify the sign in of the user&quot;](1)" classname="runners.UIRunnerTest" time="9.685">
    <system-out><![CDATA[
Scenario Outline: Verify successful login with valid data           # src/test/resources/features/ui/signIn.feature:14
  Given the base url of the application                             # stepDefinitions.ui.CommonSteps.enterTheBaseUrl()
  Given the user enters into the sign in page                       # stepDefinitions.ui.CommonSteps.enterIntoTheSignInPage()
  When the user enters the "sushmag@example.com" and "Password123!" # stepDefinitions.ui.CommonSteps.enterTheCredentials(java.lang.String,java.lang.String)
  And the user clicks on sign in button                             # stepDefinitions.ui.CommonSteps.clicksOnSignInPage()
  Then the user will be redirected to the main page                 # stepDefinitions.ui.CommonSteps.verifyRedirectionToMainPage()
]]></system-out>
    <system-err><![CDATA[SLF4J: Failed to load class "org.slf4j.impl.StaticLoggerBinder".
SLF4J: Defaulting to no-operation (NOP) logger implementation
SLF4J: See http://www.slf4j.org/codes.html#StaticLoggerBinder for further details.
Apr 23, 2025 1:14:06 PM org.openqa.selenium.devtools.CdpVersionFinder findNearestMatch
WARNING: Unable to find an exact match for CDP version 135, returning the closest version; found: 133; Please update to a Selenium version that supports CDP version 135
]]></system-err>
  </testcase>
  <testcase name="runScenario[&quot;Verify unregistered user cannot sign in into the application&quot;, &quot;Verify the sign in of the user&quot;](2)" classname="runners.UIRunnerTest" time="8.229">
    <system-out><![CDATA[
Scenario Outline: Verify unregistered user cannot sign in into the application                                # src/test/resources/features/ui/signIn.feature:24
  Given the base url of the application                                                                       # stepDefinitions.ui.CommonSteps.enterTheBaseUrl()
  Given the user enters into the sign in page                                                                 # stepDefinitions.ui.CommonSteps.enterIntoTheSignInPage()
  When the user enters the "sindhu@example.com" and "susha@W21"                                               # stepDefinitions.ui.CommonSteps.enterTheCredentials(java.lang.String,java.lang.String)
  And the user clicks on sign in button                                                                       # stepDefinitions.ui.CommonSteps.clicksOnSignInPage()
  Then the page will display the error "Incorrect email or password. Try again or create an account." message # stepDefinitions.ui.CommonSteps.verifyTheErrorMessage(java.lang.String)
]]></system-out>
    <system-err><![CDATA[Apr 23, 2025 1:14:15 PM org.openqa.selenium.devtools.CdpVersionFinder findNearestMatch
WARNING: Unable to find an exact match for CDP version 135, returning the closest version; found: 133; Please update to a Selenium version that supports CDP version 135
]]></system-err>
  </testcase>
  <testcase name="runScenario[&quot;Verify missing credentials&quot;, &quot;Verify the sign in of the user&quot;](3)" classname="runners.UIRunnerTest" time="6.781">
    <system-out><![CDATA[
Scenario Outline: Verify missing credentials                                       # src/test/resources/features/ui/signIn.feature:33
  Given the base url of the application                                            # stepDefinitions.ui.CommonSteps.enterTheBaseUrl()
  Given the user enters into the sign in page                                      # stepDefinitions.ui.CommonSteps.enterIntoTheSignInPage()
  When the user enters the "" and "susha@W21"                                      # stepDefinitions.ui.CommonSteps.enterTheCredentials(java.lang.String,java.lang.String)
  And the user clicks on sign in button                                            # stepDefinitions.ui.CommonSteps.clicksOnSignInPage()
  Then the page will display the missing fields error "Email is required." message # stepDefinitions.ui.SignInSteps.verifyMissingFields(java.lang.String)
]]></system-out>
    <system-err><![CDATA[Apr 23, 2025 1:14:23 PM org.openqa.selenium.devtools.CdpVersionFinder findNearestMatch
WARNING: Unable to find an exact match for CDP version 135, returning the closest version; found: 133; Please update to a Selenium version that supports CDP version 135
]]></system-err>
  </testcase>
  <testcase name="runScenario[&quot;Verify missing credentials&quot;, &quot;Verify the sign in of the user&quot;](4)" classname="runners.UIRunnerTest" time="7.092">
    <system-out><![CDATA[
Scenario Outline: Verify missing credentials                                          # src/test/resources/features/ui/signIn.feature:34
  Given the base url of the application                                               # stepDefinitions.ui.CommonSteps.enterTheBaseUrl()
  Given the user enters into the sign in page                                         # stepDefinitions.ui.CommonSteps.enterIntoTheSignInPage()
  When the user enters the "sindhu@example.com" and ""                                # stepDefinitions.ui.CommonSteps.enterTheCredentials(java.lang.String,java.lang.String)
  And the user clicks on sign in button                                               # stepDefinitions.ui.CommonSteps.clicksOnSignInPage()
  Then the page will display the missing fields error "Password is required." message # stepDefinitions.ui.SignInSteps.verifyMissingFields(java.lang.String)
]]></system-out>
    <system-err><![CDATA[Apr 23, 2025 1:14:30 PM org.openqa.selenium.devtools.CdpVersionFinder findNearestMatch
WARNING: Unable to find an exact match for CDP version 135, returning the closest version; found: 133; Please update to a Selenium version that supports CDP version 135
]]></system-err>
  </testcase>
  <testcase name="runScenario[&quot;Verify whether the account is blocked after 3 invalid attempts&quot;, &quot;Verify the sign in of the user&quot;](5)" classname="runners.UIRunnerTest" time="11.914">
    <failure message="expected [Incorrect email or password. Try again or create an account.] but found [Your account is temporarily locked due to multiple failed login attempts. Please try again later.]" type="java.lang.AssertionError"><![CDATA[java.lang.AssertionError: expected [Incorrect email or password. Try again or create an account.] but found [Your account is temporarily locked due to multiple failed login attempts. Please try again later.]
	at org.testng.Assert.fail(Assert.java:111)
	at org.testng.Assert.failNotEquals(Assert.java:1578)
	at org.testng.Assert.assertEqualsImpl(Assert.java:150)
	at org.testng.Assert.assertEquals(Assert.java:132)
	at org.testng.Assert.assertEquals(Assert.java:656)
	at org.testng.Assert.assertEquals(Assert.java:666)
	at stepDefinitions.ui.CommonSteps.verifyTheErrorMessage(CommonSteps.java:47)
	at ✽.the page will display the error "Incorrect email or password. Try again or create an account." message(file:///C:/Users/gantagari_sushma/Desktop/projec/automation-qa/restaurant-app-testing/src/test/resources/features/ui/signIn.feature:40)
]]></failure>
    <system-out><![CDATA[
Scenario Outline: Verify whether the account is blocked after 3 invalid attempts                              # src/test/resources/features/ui/signIn.feature:44
  Given the base url of the application                                                                       # stepDefinitions.ui.CommonSteps.enterTheBaseUrl()
  Given the user enters into the sign in page                                                                 # stepDefinitions.ui.CommonSteps.enterIntoTheSignInPage()
  When the user enters the "sindhujareddyg@example.com" and "susha@W21"                                       # stepDefinitions.ui.CommonSteps.enterTheCredentials(java.lang.String,java.lang.String)
  And the user clicks on sign in button                                                                       # stepDefinitions.ui.CommonSteps.clicksOnSignInPage()
  Then the page will display the error "Incorrect email or password. Try again or create an account." message # stepDefinitions.ui.CommonSteps.verifyTheErrorMessage(java.lang.String)
      java.lang.AssertionError: expected [Incorrect email or password. Try again or create an account.] but found [Your account is temporarily locked due to multiple failed login attempts. Please try again later.]
	at org.testng.Assert.fail(Assert.java:111)
	at org.testng.Assert.failNotEquals(Assert.java:1578)
	at org.testng.Assert.assertEqualsImpl(Assert.java:150)
	at org.testng.Assert.assertEquals(Assert.java:132)
	at org.testng.Assert.assertEquals(Assert.java:656)
	at org.testng.Assert.assertEquals(Assert.java:666)
	at stepDefinitions.ui.CommonSteps.verifyTheErrorMessage(CommonSteps.java:47)
	at ✽.the page will display the error "Incorrect email or password. Try again or create an account." message(file:///C:/Users/gantagari_sushma/Desktop/projec/automation-qa/restaurant-app-testing/src/test/resources/features/ui/signIn.feature:40)

]]></system-out>
    <system-err><![CDATA[Apr 23, 2025 1:14:37 PM org.openqa.selenium.devtools.CdpVersionFinder findNearestMatch
WARNING: Unable to find an exact match for CDP version 135, returning the closest version; found: 133; Please update to a Selenium version that supports CDP version 135
]]></system-err>
  </testcase>
  <testcase name="runScenario[&quot;Verify whether the account is blocked after 3 invalid attempts&quot;, &quot;Verify the sign in of the user&quot;](6)" classname="runners.UIRunnerTest" time="8.251">
    <failure message="expected [Incorrect email or password. Try again or create an account.] but found [Your account is temporarily locked due to multiple failed login attempts. Please try again later.]" type="java.lang.AssertionError"><![CDATA[java.lang.AssertionError: expected [Incorrect email or password. Try again or create an account.] but found [Your account is temporarily locked due to multiple failed login attempts. Please try again later.]
	at org.testng.Assert.fail(Assert.java:111)
	at org.testng.Assert.failNotEquals(Assert.java:1578)
	at org.testng.Assert.assertEqualsImpl(Assert.java:150)
	at org.testng.Assert.assertEquals(Assert.java:132)
	at org.testng.Assert.assertEquals(Assert.java:656)
	at org.testng.Assert.assertEquals(Assert.java:666)
	at stepDefinitions.ui.CommonSteps.verifyTheErrorMessage(CommonSteps.java:47)
	at ✽.the page will display the error "Incorrect email or password. Try again or create an account." message(file:///C:/Users/gantagari_sushma/Desktop/projec/automation-qa/restaurant-app-testing/src/test/resources/features/ui/signIn.feature:40)
]]></failure>
    <system-out><![CDATA[
Scenario Outline: Verify whether the account is blocked after 3 invalid attempts                              # src/test/resources/features/ui/signIn.feature:45
  Given the base url of the application                                                                       # stepDefinitions.ui.CommonSteps.enterTheBaseUrl()
  Given the user enters into the sign in page                                                                 # stepDefinitions.ui.CommonSteps.enterIntoTheSignInPage()
  When the user enters the "sindhujareddyg@example.com" and "susha@W21"                                       # stepDefinitions.ui.CommonSteps.enterTheCredentials(java.lang.String,java.lang.String)
  And the user clicks on sign in button                                                                       # stepDefinitions.ui.CommonSteps.clicksOnSignInPage()
  Then the page will display the error "Incorrect email or password. Try again or create an account." message # stepDefinitions.ui.CommonSteps.verifyTheErrorMessage(java.lang.String)
      java.lang.AssertionError: expected [Incorrect email or password. Try again or create an account.] but found [Your account is temporarily locked due to multiple failed login attempts. Please try again later.]
	at org.testng.Assert.fail(Assert.java:111)
	at org.testng.Assert.failNotEquals(Assert.java:1578)
	at org.testng.Assert.assertEqualsImpl(Assert.java:150)
	at org.testng.Assert.assertEquals(Assert.java:132)
	at org.testng.Assert.assertEquals(Assert.java:656)
	at org.testng.Assert.assertEquals(Assert.java:666)
	at stepDefinitions.ui.CommonSteps.verifyTheErrorMessage(CommonSteps.java:47)
	at ✽.the page will display the error "Incorrect email or password. Try again or create an account." message(file:///C:/Users/gantagari_sushma/Desktop/projec/automation-qa/restaurant-app-testing/src/test/resources/features/ui/signIn.feature:40)

]]></system-out>
    <system-err><![CDATA[Apr 23, 2025 1:14:49 PM org.openqa.selenium.devtools.CdpVersionFinder findNearestMatch
WARNING: Unable to find an exact match for CDP version 135, returning the closest version; found: 133; Please update to a Selenium version that supports CDP version 135
]]></system-err>
  </testcase>
  <testcase name="runScenario[&quot;Verify whether the account is blocked after 3 invalid attempts&quot;, &quot;Verify the sign in of the user&quot;](7)" classname="runners.UIRunnerTest" time="14.491">
    <failure message="expected [Incorrect email or password. Try again or create an account.] but found [Your account is temporarily locked due to multiple failed login attempts. Please try again later.]" type="java.lang.AssertionError"><![CDATA[java.lang.AssertionError: expected [Incorrect email or password. Try again or create an account.] but found [Your account is temporarily locked due to multiple failed login attempts. Please try again later.]
	at org.testng.Assert.fail(Assert.java:111)
	at org.testng.Assert.failNotEquals(Assert.java:1578)
	at org.testng.Assert.assertEqualsImpl(Assert.java:150)
	at org.testng.Assert.assertEquals(Assert.java:132)
	at org.testng.Assert.assertEquals(Assert.java:656)
	at org.testng.Assert.assertEquals(Assert.java:666)
	at stepDefinitions.ui.CommonSteps.verifyTheErrorMessage(CommonSteps.java:47)
	at ✽.the page will display the error "Incorrect email or password. Try again or create an account." message(file:///C:/Users/gantagari_sushma/Desktop/projec/automation-qa/restaurant-app-testing/src/test/resources/features/ui/signIn.feature:40)
]]></failure>
    <system-out><![CDATA[
Scenario Outline: Verify whether the account is blocked after 3 invalid attempts                              # src/test/resources/features/ui/signIn.feature:46
  Given the base url of the application                                                                       # stepDefinitions.ui.CommonSteps.enterTheBaseUrl()
  Given the user enters into the sign in page                                                                 # stepDefinitions.ui.CommonSteps.enterIntoTheSignInPage()
  When the user enters the "sindhujareddyg@example.com" and "susha@W21"                                       # stepDefinitions.ui.CommonSteps.enterTheCredentials(java.lang.String,java.lang.String)
  And the user clicks on sign in button                                                                       # stepDefinitions.ui.CommonSteps.clicksOnSignInPage()
  Then the page will display the error "Incorrect email or password. Try again or create an account." message # stepDefinitions.ui.CommonSteps.verifyTheErrorMessage(java.lang.String)
      java.lang.AssertionError: expected [Incorrect email or password. Try again or create an account.] but found [Your account is temporarily locked due to multiple failed login attempts. Please try again later.]
	at org.testng.Assert.fail(Assert.java:111)
	at org.testng.Assert.failNotEquals(Assert.java:1578)
	at org.testng.Assert.assertEqualsImpl(Assert.java:150)
	at org.testng.Assert.assertEquals(Assert.java:132)
	at org.testng.Assert.assertEquals(Assert.java:656)
	at org.testng.Assert.assertEquals(Assert.java:666)
	at stepDefinitions.ui.CommonSteps.verifyTheErrorMessage(CommonSteps.java:47)
	at ✽.the page will display the error "Incorrect email or password. Try again or create an account." message(file:///C:/Users/gantagari_sushma/Desktop/projec/automation-qa/restaurant-app-testing/src/test/resources/features/ui/signIn.feature:40)

]]></system-out>
    <system-err><![CDATA[Apr 23, 2025 1:14:57 PM org.openqa.selenium.devtools.CdpVersionFinder findNearestMatch
WARNING: Unable to find an exact match for CDP version 135, returning the closest version; found: 133; Please update to a Selenium version that supports CDP version 135
]]></system-err>
  </testcase>
  <testcase name="runScenario[&quot;Verify whether the account is blocked after 3 invalid attempts&quot;, &quot;Verify the sign in of the user&quot;](8)" classname="runners.UIRunnerTest" time="8.212">
    <system-out><![CDATA[
Scenario Outline: Verify whether the account is blocked after 3 invalid attempts                                                                   # src/test/resources/features/ui/signIn.feature:47
  Given the base url of the application                                                                                                            # stepDefinitions.ui.CommonSteps.enterTheBaseUrl()
  Given the user enters into the sign in page                                                                                                      # stepDefinitions.ui.CommonSteps.enterIntoTheSignInPage()
  When the user enters the "sindhujareddyg@example.com" and "susha@W21"                                                                            # stepDefinitions.ui.CommonSteps.enterTheCredentials(java.lang.String,java.lang.String)
  And the user clicks on sign in button                                                                                                            # stepDefinitions.ui.CommonSteps.clicksOnSignInPage()
  Then the page will display the error "Your account is temporarily locked due to multiple failed login attempts. Please try again later." message # stepDefinitions.ui.CommonSteps.verifyTheErrorMessage(java.lang.String)
]]></system-out>
    <system-err><![CDATA[Apr 23, 2025 1:15:12 PM org.openqa.selenium.devtools.CdpVersionFinder findNearestMatch
WARNING: Unable to find an exact match for CDP version 135, returning the closest version; found: 133; Please update to a Selenium version that supports CDP version 135
]]></system-err>
  </testcase>
</testsuite>